{"level":"error","message":"yo","timestamp":"2019-04-09T17:50:55.019Z"}
{"level":"error","message":"yo","timestamp":"2019-04-09T17:53:01.697Z"}
{"level":"error","message":"yo","timestamp":"2019-04-09T17:53:18.439Z"}
{"level":"error","message":"Porcess Excetion","timestamp":"2019-04-09T17:58:15.572Z"}
{"level":"error","message":"Porcess Exception","timestamp":"2019-04-09T17:58:32.276Z"}
{"level":"error","timestamp":"2019-04-09T17:59:08.610Z"}
{"level":"error","message":"message","timestamp":"2019-04-09T17:59:36.910Z"}
{"level":"error","message":"yolo","timestamp":"2019-04-09T18:02:23.494Z"}
{"level":"error","message":"yolo","timestamp":"2019-04-09T18:02:27.614Z"}
{"level":"error","message":"aaa","timestamp":"2019-04-09T18:03:01.761Z"}
{"level":"error","message":"Cannot read property 'use' of undefined","timestamp":"2019-04-09T18:40:28.688Z"}
{"level":"error","message":"Cannot read property 'use' of undefined","timestamp":"2019-04-09T18:40:30.634Z"}
{"level":"error","message":"express is not defined","timestamp":"2019-04-09T18:40:39.869Z"}
{"level":"error","message":"express is not defined","timestamp":"2019-04-09T18:40:45.438Z"}
{"level":"error","message":"yo","timestamp":"2019-04-09T18:41:34.302Z"}
{"level":"error","message":"Cannot find module './routes'","timestamp":"2019-04-09T18:43:32.778Z"}
{"level":"error","message":"Cannot find module './routes'","timestamp":"2019-04-09T18:43:44.646Z"}
{"level":"error","message":"Cannot find module './routes'","timestamp":"2019-04-09T18:43:46.451Z"}
{"level":"error","message":"jwtPrivateKey not issued!","timestamp":"2019-04-09T19:04:52.143Z"}
{"level":"error","message":"jwtPrivateKey not issued!","timestamp":"2019-04-09T19:05:05.734Z"}
{"level":"error","message":"jwtPrivateKey not issued!","timestamp":"2019-04-09T19:05:19.028Z"}
{"level":"error","message":"jwtPrivateKey not issued!","timestamp":"2019-04-09T19:05:35.866Z"}
{"level":"error","message":"jwtPrivateKey not issued!","timestamp":"2019-04-09T19:06:49.381Z"}
{"level":"error","message":"jwtPrivateKey not issued!","timestamp":"2019-04-09T19:07:21.361Z"}
{"level":"error","message":"jwtPrivateKey not issued!","timestamp":"2019-04-09T19:08:33.911Z"}
{"level":"error","message":"jwtPrivateKey not issued!","timestamp":"2019-04-09T19:09:20.612Z"}
{"level":"error","message":"jwtPrivateKey not issued!","timestamp":"2019-04-09T19:09:52.547Z"}
{"level":"error","message":"winston is not defined","timestamp":"2019-04-09T19:10:00.344Z"}
{"level":"error","message":"winston is not defined","timestamp":"2019-04-09T19:10:02.489Z"}
{"level":"error","message":"jwtPrivateKey not issued!","timestamp":"2019-04-09T19:10:33.997Z"}
{"level":"error","message":"jwtPrivateKey not issued!","timestamp":"2019-04-09T19:10:39.312Z"}
{"level":"error","message":"jwtPrivateKey not issued!","timestamp":"2019-04-09T19:11:27.648Z"}
{"level":"error","message":"asd","timestamp":"2019-04-09T19:18:44.948Z"}
{"level":"error","message":"aaa","timestamp":"2019-04-09T19:20:03.377Z"}
{"level":"error","message":"aaaaa","timestamp":"2019-04-09T19:27:40.907Z"}
{"service":"user-service","level":"error","message":"aaaaa","timestamp":"2019-04-09T19:28:46.658Z"}
{"service":"user-service","level":"error","message":"aaaaa","timestamp":"2019-04-09T19:28:51.823Z"}
{"service":"user-service","level":"error","message":"aaaaa","timestamp":"2019-04-09T19:29:00.883Z"}
{"service":"user-service","level":"error","message":"aaaaa","timestamp":"2019-04-09T19:29:03.333Z"}
{"service":"user-service","level":"error","message":"aaaaa","timestamp":"2019-04-09T19:33:35.485Z"}
{"level":"error","message":"aaaaa","timestamp":"2019-04-09T19:33:51.172Z"}
{"level":"error","message":"aaaaa","timestamp":"2019-04-09T19:34:02.801Z"}
{"level":"error","message":"aaaaa","timestamp":"2019-04-09T19:34:08.311Z"}
{"level":"error","message":"aaaaa","timestamp":"2019-04-09T19:34:22.991Z"}
{"level":"error","message":"aaaaa","timestamp":"2019-04-09T19:34:28.120Z"}
{"level":"error","message":"aaaaa","timestamp":"2019-04-09T19:34:59.988Z"}
{"level":"error","message":"aaaaa","timestamp":"2019-04-09T19:35:47.660Z"}
{"level":"error","message":"aaaaa","timestamp":"2019-04-09T19:38:10.963Z"}
{"level":"error","message":"aaaaa","timestamp":"2019-04-09T19:38:52.651Z"}
{"level":"error","message":"aaaaa","timestamp":"2019-04-09T19:38:59.515Z"}
{"level":"error","message":"aaaaa","timestamp":"2019-04-09T19:45:24.737Z"}
{"service":"user-service","level":"error","message":"aaaaa","timestamp":"2019-04-09T19:45:57.179Z"}
{"service":"user-service","level":"error","message":"aaaaa","timestamp":"2019-04-09T19:46:04.254Z"}
{"service":"user-service","level":"error","message":"aaaaa","timestamp":"2019-04-09T19:46:16.610Z"}
{"service":"user-service","level":"error","message":"aaaaa","timestamp":"2019-04-09T19:47:36.190Z"}
{"service":"user-service","level":"error","message":"aaaaa","timestamp":"2019-04-09T19:47:48.269Z"}
{"service":"user-service","level":"error","message":"aaaaa","timestamp":"2019-04-09T19:47:53.591Z"}
{"level":"error","message":"aaaaa","timestamp":"2019-04-09T19:48:17.530Z"}
{"level":"error","message":"aaaaa","timestamp":"2019-04-09T19:48:22.099Z"}
{"level":"error","message":"aaaaa","timestamp":"2019-04-09T19:48:52.949Z"}
{"level":"error","message":"aaaaa","timestamp":"2019-04-09T19:49:05.610Z"}
{"level":"error","message":"aaaaa","timestamp":"2019-04-09T19:49:37.768Z"}
{"level":"\u001b[31merror\u001b[39m","message":"aaaaa","timestamp":"2019-04-09T19:50:08.220Z"}
{"level":"error","message":"aaaaa","timestamp":"2019-04-09T19:50:32.401Z"}
{"level":"error","message":"aaaaa","timestamp":"2019-04-09T19:51:04.121Z"}
{"level":"error","message":"aaaaa","timestamp":"2019-04-09T19:51:40.678Z"}
{"level":"error","message":"aaaaa","timestamp":"2019-04-09T19:52:25.913Z"}
{"level":"error","message":"aaaaa","timestamp":"2019-04-09T19:55:14.327Z"}
{"level":"error","message":"aaaaa","timestamp":"2019-04-09T19:55:45.123Z"}
{"level":"error","message":"aaaaa","timestamp":"2019-04-09T19:56:10.571Z"}
